\BOOKMARK [1][-]{Doc-Start}{\376\377\000P\000h\000\342\000n\000\040\000c\000\364\000n\000g\000\040\000c\000\364\000n\000g\000\040\000v\000i\036\307\000c}{}% 1
\BOOKMARK [1][-]{section.1}{\376\377\000M\000\364\000\040\000t\036\243\000\040\000b\000\340\000i\000\040\000t\000o\000\341\000n}{}% 2
\BOOKMARK [2][-]{subsection.1.1}{\376\377\000G\000i\036\333\000i\000\040\000t\000h\000i\036\307\000u\000\040\000b\000\340\000i\000\040\000t\000o\000\341\000n\000\040\000q\000u\000a\000\040\000s\000\364\000n\000g}{section.1}% 3
\BOOKMARK [2][-]{subsection.1.2}{\376\377\000P\000h\000\341\000t\000\040\000b\000i\036\303\000u\000\040\000b\000\340\000i\000\040\000t\000o\000\341\000n}{section.1}% 4
\BOOKMARK [2][-]{subsection.1.3}{\376\377\000C\000\341\000c\000\040\000t\000h\000\340\000n\000h\000\040\000p\000h\036\247\000n\000\040\000c\036\347\000a\000\040\000b\000\340\000i\000\040\000t\000o\000\341\000n\000\040\000t\000\354\000m\000\040\000k\000i\036\277\000m}{section.1}% 5
\BOOKMARK [3][-]{subsubsection.1.3.1}{\376\377\000K\000h\000\364\000n\000g\000\040\000g\000i\000a\000n\000\040\000t\000r\036\241\000n\000g\000\040\000t\000h\000\341\000i}{subsection.1.3}% 6
\BOOKMARK [3][-]{subsubsection.1.3.2}{\376\377\000T\000r\036\241\000n\000g\000\040\000t\000h\000\341\000i\000\040\001\021\036\247\000u\000\040\000v\000\340\000\040\000t\000r\036\241\000n\000g\000\040\000t\000h\000\341\000i\000\040\001\021\000\355\000c\000h}{subsection.1.3}% 7
\BOOKMARK [3][-]{subsubsection.1.3.3}{\376\377\000T\036\255\000p\000\040\000h\000\340\000n\000h\000\040\001\021\036\331\000n\000g}{subsection.1.3}% 8
\BOOKMARK [3][-]{subsubsection.1.3.4}{\376\377\001\020\000i\036\301\000u\000\040\000k\000i\036\307\000n\000\040\000h\036\343\000p\000\040\000l\036\307}{subsection.1.3}% 9
\BOOKMARK [3][-]{subsubsection.1.3.5}{\376\377\000M\036\345\000c\000\040\000t\000i\000\352\000u\000\040\001\021\036\323\000\040\000\341\000n}{subsection.1.3}% 10
\BOOKMARK [1][-]{section.2}{\376\377\000P\000h\000\342\000n\000\040\000t\000\355\000c\000h\000\040\000b\000\340\000i\000\040\000t\000o\000\341\000n}{}% 11
\BOOKMARK [2][-]{subsection.2.1}{\376\377\001\020\036\267\000c\000\040\000t\000r\001\260\000n\000g\000\040\000c\036\347\000a\000\040\000k\000h\000\364\000n\000g\000\040\000g\000i\000a\000n\000\040\000t\000r\036\241\000n\000g\000\040\000t\000h\000\341\000i}{section.2}% 12
\BOOKMARK [2][-]{subsection.2.2}{\376\377\000B\000i\036\303\000u\000\040\000d\000i\036\305\000n\000\040\000t\000r\036\241\000n\000g\000\040\000t\000h\000\341\000i\000\040\000t\000r\000o\000n\000g\000\040\000c\000h\001\260\001\241\000n\000g\000\040\000t\000r\000\354\000n\000h}{section.2}% 13
\BOOKMARK [2][-]{subsection.2.3}{\376\377\000V\000a\000i\000\040\000t\000r\000\362\000\040\000c\036\347\000a\000\040\000r\000\340\000n\000g\000\040\000b\000u\036\331\000c}{section.2}% 14
\BOOKMARK [2][-]{subsection.2.4}{\376\377\000P\000h\000\342\000n\000\040\000t\000\355\000c\000h\000\040\000h\000e\000u\000r\000i\000s\000t\000i\000c\000\040\001\021\001\260\036\343\000c\000\040\000s\036\355\000\040\000d\036\345\000n\000g}{section.2}% 15
\BOOKMARK [3][-]{subsubsection.2.4.1}{\376\377\000H\000e\000u\000r\000i\000s\000t\000i\000c\000\040\000r\000e\000m\000a\000i\000n\000i\000n\000g\000-\000i\000t\000e\000m\000s}{subsection.2.4}% 16
\BOOKMARK [3][-]{subsubsection.2.4.2}{\376\377\000H\000e\000u\000r\000i\000s\000t\000i\000c\000\040\000r\000e\000m\000a\000i\000n\000i\000n\000g\000-\000t\000r\000i\000p\000s}{subsection.2.4}% 17
\BOOKMARK [2][-]{subsection.2.5}{\376\377\000L\000\375\000\040\000d\000o\000\040\000c\000h\036\315\000n\000\040\000b\036\321\000n\000\040\000t\000h\000u\036\255\000t\000\040\000t\000o\000\341\000n}{section.2}% 18
\BOOKMARK [1][-]{section.3}{\376\377\000C\001\241\000\040\000s\036\337\000\040\000l\000\375\000\040\000t\000h\000u\000y\036\277\000t}{}% 19
\BOOKMARK [2][-]{subsection.3.1}{\376\377\000B\000F\000S\000\040\040\023\000\040\000B\000r\000e\000a\000d\000t\000h\000-\000F\000i\000r\000s\000t\000\040\000S\000e\000a\000r\000c\000h}{section.3}% 20
\BOOKMARK [2][-]{subsection.3.2}{\376\377\000D\000F\000S\000\040\040\023\000\040\000D\000e\000p\000t\000h\000-\000F\000i\000r\000s\000t\000\040\000S\000e\000a\000r\000c\000h}{section.3}% 21
\BOOKMARK [2][-]{subsection.3.3}{\376\377\000A\000*\000\040\000S\000e\000a\000r\000c\000h}{section.3}% 22
\BOOKMARK [2][-]{subsection.3.4}{\376\377\000I\000D\000A\000*\000\040\040\023\000\040\000I\000t\000e\000r\000a\000t\000i\000v\000e\000\040\000D\000e\000e\000p\000e\000n\000i\000n\000g\000\040\000A\000*}{section.3}% 23
\BOOKMARK [2][-]{subsection.3.5}{\376\377\000S\000o\000\040\000s\000\341\000n\000h\000\040\000l\000\375\000\040\000t\000h\000u\000y\036\277\000t\000\040\000g\000i\036\357\000a\000\040\000b\036\321\000n\000\040\000t\000h\000u\036\255\000t\000\040\000t\000o\000\341\000n}{section.3}% 24
\BOOKMARK [1][-]{section.4}{\376\377\000T\000h\000i\036\277\000t\000\040\000k\036\277\000\040\000v\000\340\000\040\000c\000\340\000i\000\040\001\021\036\267\000t}{}% 25
\BOOKMARK [2][-]{subsection.4.1}{\376\377\000C\000\364\000n\000g\000\040\000n\000g\000h\036\307\000\040\000s\036\355\000\040\000d\036\345\000n\000g}{section.4}% 26
\BOOKMARK [2][-]{subsection.4.2}{\376\377\000K\000i\036\277\000n\000\040\000t\000r\000\372\000c\000\040\000c\000h\001\260\001\241\000n\000g\000\040\000t\000r\000\354\000n\000h}{section.4}% 27
\BOOKMARK [2][-]{subsection.4.3}{\376\377\000C\036\245\000u\000\040\000t\000r\000\372\000c\000\040\000d\036\357\000\040\000l\000i\036\307\000u\000\040\000v\000\340\000\040\000c\000\341\000c\000h\000\040\000l\001\260\000u\000\040\000v\036\277\000t\000\040\000t\000i\036\277\000n\000\040\000t\000r\000\354\000n\000h}{section.4}% 28
\BOOKMARK [2][-]{subsection.4.4}{\376\377\000K\000i\036\303\000m\000\040\000t\000r\000a\000\040\000r\000\340\000n\000g\000\040\000b\000u\036\331\000c\000\040\000t\000r\000o\000n\000g\000\040\000m\000\343\000\040\000n\000g\000u\036\323\000n}{section.4}% 29
\BOOKMARK [2][-]{subsection.4.5}{\376\377\000C\000\340\000i\000\040\001\021\036\267\000t\000\040\000t\036\353\000n\000g\000\040\000n\000h\000\363\000m\000\040\000c\000h\036\351\000c\000\040\000n\001\003\000n\000g}{section.4}% 30
\BOOKMARK [3][-]{subsubsection.4.5.1}{\376\377\000B\000F\000S\000\040\000v\000\340\000\040\000D\000F\000S}{subsection.4.5}% 31
\BOOKMARK [3][-]{subsubsection.4.5.2}{\376\377\000A\000*}{subsection.4.5}% 32
\BOOKMARK [3][-]{subsubsection.4.5.3}{\376\377\000I\000D\000A\000*}{subsection.4.5}% 33
\BOOKMARK [2][-]{subsection.4.6}{\376\377\000T\000h\000i\036\277\000t\000\040\000k\036\277\000\040\000g\000i\000a\000o\000\040\000d\000i\036\307\000n\000\040\000t\000r\036\361\000c\000\040\000q\000u\000a\000n}{section.4}% 34
\BOOKMARK [1][-]{section.5}{\376\377\000K\036\277\000t\000\040\000q\000u\036\243\000\040\000v\000\340\000\040\001\021\000\341\000n\000h\000\040\000g\000i\000\341}{}% 35
\BOOKMARK [2][-]{subsection.5.1}{\376\377\000K\000i\036\303\000m\000\040\000t\000r\000a\000\040\000k\000h\036\243\000\040\000n\001\003\000n\000g\000\040\000h\000o\036\241\000t\000\040\001\021\036\331\000n\000g\000\040\000c\036\347\000a\000\040\000h\036\307\000\040\000t\000h\036\321\000n\000g}{section.5}% 36
\BOOKMARK [2][-]{subsection.5.2}{\376\377\000L\036\335\000i\000\040\000g\000i\036\243\000i\000\040\000c\000h\000u\036\251\000n\000\040\000c\036\347\000a\000\040\000b\000\340\000i\000\040\000t\000o\000\341\000n}{section.5}% 37
\BOOKMARK [2][-]{subsection.5.3}{\376\377\001\020\000\341\000n\000h\000\040\000g\000i\000\341\000\040\000t\000h\000e\000o\000\040\000t\036\353\000n\000g\000\040\000t\000h\000u\036\255\000t\000\040\000t\000o\000\341\000n}{section.5}% 38
\BOOKMARK [2][-]{subsection.5.4}{\376\377\000S\000o\000\040\000s\000\341\000n\000h\000\040\000t\000\354\000m\000\040\000k\000i\036\277\000m\000\040\000m\000\371\000\040\000v\000\340\000\040\000t\000\354\000m\000\040\000k\000i\036\277\000m\000\040\000c\000\363\000\040\000t\000h\000\364\000n\000g\000\040\000t\000i\000n}{section.5}% 39
\BOOKMARK [2][-]{subsection.5.5}{\376\377\000G\000i\000\341\000\040\000t\000r\036\313\000\040\000c\036\347\000a\000\040\000g\000i\000a\000o\000\040\000d\000i\036\307\000n\000\040\000t\000r\036\361\000c\000\040\000q\000u\000a\000n}{section.5}% 40
\BOOKMARK [2][-]{subsection.5.6}{\376\377\001\257\000u\000\040\001\021\000i\036\303\000m\000\040\000v\000\340\000\040\000h\036\241\000n\000\040\000c\000h\036\277}{section.5}% 41
\BOOKMARK [1][-]{figure.6}{\376\377\000P\000h\036\247\000n\000\040\000k\036\277\000t\000\040\000l\000u\036\255\000n}{}% 42
\BOOKMARK [2][-]{section*.1}{\376\377\000K\036\277\000t\000\040\000l\000u\036\255\000n}{figure.6}% 43
\BOOKMARK [2][-]{section*.1}{\376\377\000H\001\260\036\333\000n\000g\000\040\000p\000h\000\341\000t\000\040\000t\000r\000i\036\303\000n}{figure.6}% 44
\BOOKMARK [1][-]{section*.1}{\376\377\000T\000\340\000i\000\040\000l\000i\036\307\000u\000\040\000t\000h\000a\000m\000\040\000k\000h\036\243\000o}{}% 45
